<?xml version="1.0" encoding="UTF-8"?>
<!-- Generated by org.testng.reporters.JUnitXMLReporter -->
<testsuite ignored="0" hostname="Abdullahs-MBP.lan1" failures="0" tests="9" name="Free CRM App Test Cases" time="67.149" errors="0" timestamp="21 Feb 2019 16:52:11 GMT">
  <testcase classname="com.crm.qa.testcases.LoginPageTest" name="loginPageTitleTest" time="0.05"/>
  <testcase classname="com.crm.qa.testcases.ContactsPageTest" name="verifyContactPageLevelTest" time="0.024"/>
  <testcase classname="com.crm.qa.testcases.HomePageTest" name="verifyHomePageTitleTest" time="0.006"/>
  <testcase classname="com.crm.qa.testcases.LoginPageTest" name="crmLogoImageTest" time="0.025"/>
  <testcase classname="com.crm.qa.testcases.ContactsPageTest" name="selectMutipleContact" time="0.177"/>
  <testcase classname="com.crm.qa.testcases.HomePageTest" name="verifyUserNameTest" time="0.052"/>
  <testcase classname="com.crm.qa.testcases.LoginPageTest" name="loginTest" time="3.519"/>
  <testcase classname="com.crm.qa.testcases.ContactsPageTest" name="selectSingleContact" time="0.067"/>
  <testcase classname="com.crm.qa.testcases.HomePageTest" name="verifyContactsLinkTest" time="0.418"/>
</testsuite> <!-- Free CRM App Test Cases -->
